  BG.cpp
  block.cpp
c:\users\81804\onedrive\デスクトップ\hew2023\hew_2023\cat_prototype\block.cpp(214): warning C4244: '=': 'double' から 'FLOAT' への変換です。データが失われる可能性があります。
c:\users\81804\onedrive\デスクトップ\hew2023\hew_2023\cat_prototype\block.cpp(242): warning C4244: '引数': 'float' から 'int' への変換です。データが失われる可能性があります。
c:\users\81804\onedrive\デスクトップ\hew2023\hew_2023\cat_prototype\block.cpp(241): warning C4244: '引数': 'float' から 'int' への変換です。データが失われる可能性があります。
c:\users\81804\onedrive\デスクトップ\hew2023\hew_2023\cat_prototype\block.cpp(268): warning C4244: '引数': 'float' から 'int' への変換です。データが失われる可能性があります。
c:\users\81804\onedrive\デスクトップ\hew2023\hew_2023\cat_prototype\block.cpp(267): warning C4244: '引数': 'float' から 'int' への変換です。データが失われる可能性があります。
c:\users\81804\onedrive\デスクトップ\hew2023\hew_2023\cat_prototype\block.cpp(297): warning C4244: '引数': 'float' から 'int' への変換です。データが失われる可能性があります。
c:\users\81804\onedrive\デスクトップ\hew2023\hew_2023\cat_prototype\block.cpp(296): warning C4244: '引数': 'float' から 'int' への変換です。データが失われる可能性があります。
c:\users\81804\onedrive\デスクトップ\hew2023\hew_2023\cat_prototype\block.cpp(410): warning C4244: '引数': 'double' から 'FLOAT' への変換です。データが失われる可能性があります。
c:\users\81804\onedrive\デスクトップ\hew2023\hew_2023\cat_prototype\block.cpp(411): warning C4244: '引数': 'double' から 'FLOAT' への変換です。データが失われる可能性があります。
c:\users\81804\onedrive\デスクトップ\hew2023\hew_2023\cat_prototype\block.cpp(412): warning C4244: '引数': 'double' から 'FLOAT' への変換です。データが失われる可能性があります。
c:\users\81804\onedrive\デスクトップ\hew2023\hew_2023\cat_prototype\block.cpp(432): warning C4244: '引数': 'double' から 'FLOAT' への変換です。データが失われる可能性があります。
c:\users\81804\onedrive\デスクトップ\hew2023\hew_2023\cat_prototype\block.cpp(433): warning C4244: '引数': 'double' から 'FLOAT' への変換です。データが失われる可能性があります。
c:\users\81804\onedrive\デスクトップ\hew2023\hew_2023\cat_prototype\block.cpp(451): warning C4244: '引数': 'double' から 'FLOAT' への変換です。データが失われる可能性があります。
c:\users\81804\onedrive\デスクトップ\hew2023\hew_2023\cat_prototype\block.cpp(452): warning C4244: '引数': 'double' から 'FLOAT' への変換です。データが失われる可能性があります。
c:\users\81804\onedrive\デスクトップ\hew2023\hew_2023\cat_prototype\block.cpp(453): warning C4244: '引数': 'double' から 'FLOAT' への変換です。データが失われる可能性があります。
c:\users\81804\onedrive\デスクトップ\hew2023\hew_2023\cat_prototype\block.cpp(454): warning C4244: '引数': 'double' から 'FLOAT' への変換です。データが失われる可能性があります。
c:\users\81804\onedrive\デスクトップ\hew2023\hew_2023\cat_prototype\block.cpp(470): warning C4244: '引数': 'double' から 'FLOAT' への変換です。データが失われる可能性があります。
c:\users\81804\onedrive\デスクトップ\hew2023\hew_2023\cat_prototype\block.cpp(471): warning C4244: '引数': 'double' から 'FLOAT' への変換です。データが失われる可能性があります。
c:\users\81804\onedrive\デスクトップ\hew2023\hew_2023\cat_prototype\block.cpp(472): warning C4244: '引数': 'double' から 'FLOAT' への変換です。データが失われる可能性があります。
c:\users\81804\onedrive\デスクトップ\hew2023\hew_2023\cat_prototype\block.cpp(506): warning C4244: '引数': 'double' から 'FLOAT' への変換です。データが失われる可能性があります。
c:\users\81804\onedrive\デスクトップ\hew2023\hew_2023\cat_prototype\block.cpp(507): warning C4244: '引数': 'double' から 'FLOAT' への変換です。データが失われる可能性があります。
c:\users\81804\onedrive\デスクトップ\hew2023\hew_2023\cat_prototype\block.cpp(508): warning C4244: '引数': 'double' から 'FLOAT' への変換です。データが失われる可能性があります。
c:\users\81804\onedrive\デスクトップ\hew2023\hew_2023\cat_prototype\block.cpp(515): warning C4244: '引数': 'double' から 'FLOAT' への変換です。データが失われる可能性があります。
c:\users\81804\onedrive\デスクトップ\hew2023\hew_2023\cat_prototype\block.cpp(516): warning C4244: '引数': 'double' から 'FLOAT' への変換です。データが失われる可能性があります。
c:\users\81804\onedrive\デスクトップ\hew2023\hew_2023\cat_prototype\block.cpp(517): warning C4244: '引数': 'double' から 'FLOAT' への変換です。データが失われる可能性があります。
c:\users\81804\onedrive\デスクトップ\hew2023\hew_2023\cat_prototype\block.cpp(523): warning C4244: '引数': 'double' から 'FLOAT' への変換です。データが失われる可能性があります。
c:\users\81804\onedrive\デスクトップ\hew2023\hew_2023\cat_prototype\block.cpp(524): warning C4244: '引数': 'double' から 'FLOAT' への変換です。データが失われる可能性があります。
c:\users\81804\onedrive\デスクトップ\hew2023\hew_2023\cat_prototype\block.cpp(525): warning C4244: '引数': 'double' から 'FLOAT' への変換です。データが失われる可能性があります。
c:\users\81804\onedrive\デスクトップ\hew2023\hew_2023\cat_prototype\block.cpp(533): warning C4244: '引数': 'double' から 'FLOAT' への変換です。データが失われる可能性があります。
c:\users\81804\onedrive\デスクトップ\hew2023\hew_2023\cat_prototype\block.cpp(534): warning C4244: '引数': 'double' から 'FLOAT' への変換です。データが失われる可能性があります。
c:\users\81804\onedrive\デスクトップ\hew2023\hew_2023\cat_prototype\block.cpp(535): warning C4244: '引数': 'double' から 'FLOAT' への変換です。データが失われる可能性があります。
c:\users\81804\onedrive\デスクトップ\hew2023\hew_2023\cat_prototype\block.cpp(551): warning C4244: '引数': 'double' から 'FLOAT' への変換です。データが失われる可能性があります。
c:\users\81804\onedrive\デスクトップ\hew2023\hew_2023\cat_prototype\block.cpp(552): warning C4244: '引数': 'double' から 'FLOAT' への変換です。データが失われる可能性があります。
c:\users\81804\onedrive\デスクトップ\hew2023\hew_2023\cat_prototype\block.cpp(558): warning C4244: '引数': 'double' から 'FLOAT' への変換です。データが失われる可能性があります。
c:\users\81804\onedrive\デスクトップ\hew2023\hew_2023\cat_prototype\block.cpp(559): warning C4244: '引数': 'double' から 'FLOAT' への変換です。データが失われる可能性があります。
c:\users\81804\onedrive\デスクトップ\hew2023\hew_2023\cat_prototype\block.cpp(560): warning C4244: '引数': 'double' から 'FLOAT' への変換です。データが失われる可能性があります。
c:\users\81804\onedrive\デスクトップ\hew2023\hew_2023\cat_prototype\block.cpp(561): warning C4244: '引数': 'double' から 'FLOAT' への変換です。データが失われる可能性があります。
c:\users\81804\onedrive\デスクトップ\hew2023\hew_2023\cat_prototype\block.cpp(570): warning C4244: '引数': 'double' から 'FLOAT' への変換です。データが失われる可能性があります。
c:\users\81804\onedrive\デスクトップ\hew2023\hew_2023\cat_prototype\block.cpp(571): warning C4244: '引数': 'double' から 'FLOAT' への変換です。データが失われる可能性があります。
c:\users\81804\onedrive\デスクトップ\hew2023\hew_2023\cat_prototype\block.cpp(572): warning C4244: '引数': 'double' から 'FLOAT' への変換です。データが失われる可能性があります。
c:\users\81804\onedrive\デスクトップ\hew2023\hew_2023\cat_prototype\block.cpp(573): warning C4244: '引数': 'double' から 'FLOAT' への変換です。データが失われる可能性があります。
c:\users\81804\onedrive\デスクトップ\hew2023\hew_2023\cat_prototype\block.cpp(586): warning C4244: '引数': 'double' から 'FLOAT' への変換です。データが失われる可能性があります。
c:\users\81804\onedrive\デスクトップ\hew2023\hew_2023\cat_prototype\block.cpp(587): warning C4244: '引数': 'double' から 'FLOAT' への変換です。データが失われる可能性があります。
c:\users\81804\onedrive\デスクトップ\hew2023\hew_2023\cat_prototype\block.cpp(588): warning C4244: '引数': 'double' から 'FLOAT' への変換です。データが失われる可能性があります。
c:\users\81804\onedrive\デスクトップ\hew2023\hew_2023\cat_prototype\block.cpp(594): warning C4244: '引数': 'double' から 'FLOAT' への変換です。データが失われる可能性があります。
c:\users\81804\onedrive\デスクトップ\hew2023\hew_2023\cat_prototype\block.cpp(595): warning C4244: '引数': 'double' から 'FLOAT' への変換です。データが失われる可能性があります。
c:\users\81804\onedrive\デスクトップ\hew2023\hew_2023\cat_prototype\block.cpp(596): warning C4244: '引数': 'double' から 'FLOAT' への変換です。データが失われる可能性があります。
c:\users\81804\onedrive\デスクトップ\hew2023\hew_2023\cat_prototype\block.cpp(602): warning C4244: '引数': 'double' から 'FLOAT' への変換です。データが失われる可能性があります。
c:\users\81804\onedrive\デスクトップ\hew2023\hew_2023\cat_prototype\block.cpp(603): warning C4244: '引数': 'double' から 'FLOAT' への変換です。データが失われる可能性があります。
c:\users\81804\onedrive\デスクトップ\hew2023\hew_2023\cat_prototype\block.cpp(604): warning C4244: '引数': 'double' から 'FLOAT' への変換です。データが失われる可能性があります。
c:\users\81804\onedrive\デスクトップ\hew2023\hew_2023\cat_prototype\block.cpp(611): warning C4244: '引数': 'double' から 'FLOAT' への変換です。データが失われる可能性があります。
c:\users\81804\onedrive\デスクトップ\hew2023\hew_2023\cat_prototype\block.cpp(612): warning C4244: '引数': 'double' から 'FLOAT' への変換です。データが失われる可能性があります。
c:\users\81804\onedrive\デスクトップ\hew2023\hew_2023\cat_prototype\block.cpp(613): warning C4244: '引数': 'double' から 'FLOAT' への変換です。データが失われる可能性があります。
  blocktype.cpp
  camera.cpp
c:\users\81804\onedrive\デスクトップ\hew2023\hew_2023\cat_prototype\camera.cpp(15): fatal error C1083: include ファイルを開けません。'number.h':No such file or directory
  cat.cpp
c:\users\81804\onedrive\デスクトップ\hew2023\hew_2023\cat_prototype\cat.cpp(57): warning C4305: '+=': 'double' から 'float' へ切り詰めます。
c:\users\81804\onedrive\デスクトップ\hew2023\hew_2023\cat_prototype\cat.cpp(137): warning C4244: '引数': 'float' から 'int' への変換です。データが失われる可能性があります。
c:\users\81804\onedrive\デスクトップ\hew2023\hew_2023\cat_prototype\cat.cpp(136): warning C4244: '引数': 'float' から 'int' への変換です。データが失われる可能性があります。
c:\users\81804\onedrive\デスクトップ\hew2023\hew_2023\cat_prototype\cat.cpp(173): warning C4244: '=': 'float' から 'int' への変換です。データが失われる可能性があります。
  collision.cpp
  cursor.cpp
  etcUI.cpp
c:\users\81804\onedrive\デスクトップ\hew2023\hew_2023\cat_prototype\etcui.cpp(57): warning C4244: '引数': 'float' から 'int' への変換です。データが失われる可能性があります。
c:\users\81804\onedrive\デスクトップ\hew2023\hew_2023\cat_prototype\etcui.cpp(56): warning C4244: '引数': 'float' から 'int' への変換です。データが失われる可能性があります。
  game.cpp
  input.cpp
  Line.cpp
  Linecircle.cpp
c:\users\81804\onedrive\デスクトップ\hew2023\hew_2023\cat_prototype\linecircle.cpp(105): warning C4244: '=': 'double' から 'float' への変換です。データが失われる可能性があります。
c:\users\81804\onedrive\デスクトップ\hew2023\hew_2023\cat_prototype\linecircle.cpp(106): warning C4244: '=': 'double' から 'float' への変換です。データが失われる可能性があります。
  main.cpp
  player.cpp
  polygon.cpp
c:\users\81804\onedrive\デスクトップ\hew2023\hew_2023\cat_prototype\polygon.cpp(109): warning C4244: '引数': 'FLOAT' から 'int' への変換です。データが失われる可能性があります。
c:\users\81804\onedrive\デスクトップ\hew2023\hew_2023\cat_prototype\polygon.cpp(108): warning C4244: '引数': 'FLOAT' から 'int' への変換です。データが失われる可能性があります。
  renderer.cpp
  result.cpp
  scene.cpp
  shop.cpp
c:\users\81804\onedrive\デスクトップ\hew2023\hew_2023\cat_prototype\shop.cpp(68): warning C4244: '=': 'int' から 'FLOAT' への変換です。データが失われる可能性があります。
c:\users\81804\onedrive\デスクトップ\hew2023\hew_2023\cat_prototype\shop.cpp(100): warning C4244: '=': 'int' から 'FLOAT' への変換です。データが失われる可能性があります。
c:\users\81804\onedrive\デスクトップ\hew2023\hew_2023\cat_prototype\shop.cpp(278): warning C4244: '引数': 'int' から 'float' への変換です。データが失われる可能性があります。
c:\users\81804\onedrive\デスクトップ\hew2023\hew_2023\cat_prototype\shop.cpp(275): warning C4244: '引数': 'float' から 'int' への変換です。データが失われる可能性があります。
c:\users\81804\onedrive\デスクトップ\hew2023\hew_2023\cat_prototype\shop.cpp(274): warning C4244: '引数': 'float' から 'int' への変換です。データが失われる可能性があります。
c:\users\81804\onedrive\デスクトップ\hew2023\hew_2023\cat_prototype\shop.cpp(298): warning C4244: '引数': 'float' から 'int' への変換です。データが失われる可能性があります。
c:\users\81804\onedrive\デスクトップ\hew2023\hew_2023\cat_prototype\shop.cpp(297): warning C4244: '引数': 'float' から 'int' への変換です。データが失われる可能性があります。
c:\users\81804\onedrive\デスクトップ\hew2023\hew_2023\cat_prototype\shop.cpp(317): warning C4244: '引数': 'float' から 'int' への変換です。データが失われる可能性があります。
c:\users\81804\onedrive\デスクトップ\hew2023\hew_2023\cat_prototype\shop.cpp(316): warning C4244: '引数': 'float' から 'int' への変換です。データが失われる可能性があります。
  sound.cpp
  コードを生成中...
  コンパイル中...
  sprite.cpp
c:\users\81804\onedrive\デスクトップ\hew2023\hew_2023\cat_prototype\sprite.cpp(26): warning C4244: '引数': 'int' から 'FLOAT' への変換です。データが失われる可能性があります。
c:\users\81804\onedrive\デスクトップ\hew2023\hew_2023\cat_prototype\sprite.cpp(30): warning C4244: '引数': 'int' から 'FLOAT' への変換です。データが失われる可能性があります。
c:\users\81804\onedrive\デスクトップ\hew2023\hew_2023\cat_prototype\sprite.cpp(34): warning C4244: '引数': 'int' から 'FLOAT' への変換です。データが失われる可能性があります。
c:\users\81804\onedrive\デスクトップ\hew2023\hew_2023\cat_prototype\sprite.cpp(38): warning C4244: '引数': 'int' から 'FLOAT' への変換です。データが失われる可能性があります。
c:\users\81804\onedrive\デスクトップ\hew2023\hew_2023\cat_prototype\sprite.cpp(62): warning C4244: '初期化中': 'float' から 'int' への変換です。データが失われる可能性があります。
  texture.cpp
c:\users\81804\onedrive\デスクトップ\hew2023\hew_2023\cat_prototype\texture.cpp(26): warning C4018: '>=': signed と unsigned の数値を比較しようとしました。
c:\users\81804\onedrive\デスクトップ\hew2023\hew_2023\cat_prototype\texture.cpp(37): warning C4018: '<': signed と unsigned の数値を比較しようとしました。
c:\users\81804\onedrive\デスクトップ\hew2023\hew_2023\cat_prototype\texture.cpp(52): warning C4018: '<': signed と unsigned の数値を比較しようとしました。
  timer.cpp
c:\users\81804\onedrive\デスクトップ\hew2023\hew_2023\cat_prototype\timer.cpp(47): warning C4244: '=': 'int' から 'float' への変換です。データが失われる可能性があります。
c:\users\81804\onedrive\デスクトップ\hew2023\hew_2023\cat_prototype\timer.cpp(53): warning C4244: '=': 'int' から 'float' への変換です。データが失われる可能性があります。
c:\users\81804\onedrive\デスクトップ\hew2023\hew_2023\cat_prototype\timer.cpp(59): warning C4244: '=': 'int' から 'float' への変換です。データが失われる可能性があります。
c:\users\81804\onedrive\デスクトップ\hew2023\hew_2023\cat_prototype\timer.cpp(78): warning C4244: '引数': 'float' から 'int' への変換です。データが失われる可能性があります。
c:\users\81804\onedrive\デスクトップ\hew2023\hew_2023\cat_prototype\timer.cpp(77): warning C4244: '引数': 'float' から 'int' への変換です。データが失われる可能性があります。
  title.cpp
  コードを生成中...
